0.739s: START SCREEN DISPLAYED
1.837s: START BUTTON CLICKED
1.862s: INSTRUCTIONS SCREEN DISPLAYED
2.633s: SPACEBAR PRESSED
2.633s: Intro Music Playing
2.646s: scenario1 displayed
9.263s: s1_choice2 CLICKED
9.264s: positive outcome displayed
12.455s: CONTINUE CLICKED
12.47s: scenario2 displayed
14.193s: s2_choice1 CLICKED
14.193s: negative outcome displayed
17.727s: CONTINUE CLICKED
17.745s: scenario3 displayed
21.115s: s3_choice1 CLICKED
21.115s: positive outcome displayed
25.101s: CONTINUE CLICKED
25.119s: scenario4 displayed
31.414s: s4_choice2 CLICKED
31.414s: negative outcome displayed
33.627s: CONTINUE CLICKED
33.627s: Intro Music Stopping
33.627s: End Music Playing
33.649s: END SCREEN DISPLAYED
37.487s: QUIT BUTTON CLICKED
